2024-10-31 04:43:12,591 - DEBUG - User logged in
2024-10-31 04:43:12,591 - INFO - Warning: Low memory
2024-10-31 04:43:12,591 - WARNING - Data retrieved successfully
2024-10-31 04:43:12,591 - DEBUG - Critical error: System failure
2024-10-31 04:43:12,591 - ERROR - Application started
2024-10-31 04:43:12,591 - WARNING - Application started
2024-10-31 04:43:12,591 - DEBUG - Warning: Low memory
2024-10-31 04:43:12,591 - INFO - Application started
2024-10-31 04:43:12,592 - ERROR - Application started
2024-10-31 04:43:12,592 - DEBUG - Application started
2024-10-31 04:43:12,592 - WARNING - Critical error: System failure
2024-10-31 04:43:12,592 - ERROR - Critical error: System failure
2024-10-31 04:43:12,592 - DEBUG - Application shutting down
2024-10-31 04:43:12,592 - DEBUG - Application shutting down
2024-10-31 04:43:12,592 - ERROR - Data retrieved successfully
2024-10-31 04:43:12,592 - INFO - Data retrieved successfully
2024-10-31 04:43:12,592 - ERROR - Warning: Low memory
2024-10-31 04:43:12,592 - WARNING - Error: Failed to connect to the database
2024-10-31 04:43:12,592 - INFO - Critical error: System failure
2024-10-31 04:43:12,592 - DEBUG - Request for data received
2024-10-31 04:43:12,592 - INFO - Critical error: System failure
2024-10-31 04:43:12,592 - INFO - Error: Failed to connect to the database
